<?xml version="1.0" encoding="UTF-8"?>
<!-- Generated by org.testng.reporters.JUnitXMLReporter -->
<testsuite ignored="0" hostname="sumo" failures="0" tests="5" name="Test" time="33.537" errors="0" timestamp="15 Mar 2023 10:56:00 GMT">
  <testcase classname="com.test.Drag" name="DragDrop" time="7.596"/>
  <testcase classname="com.test.ScrollBar" name="Bbc" time="7.791"/>
  <testcase classname="com.keybord.CopyPest" name="Copy" time="10.927"/>
  <testcase classname="com.test.TestWebDriverManager" name="Webdriver" time="5.13"/>
  <testcase classname="com.keybord.KeyPress" name="Key" time="2.022"/>
</testsuite> <!-- Test -->
