<?xml version="1.0" encoding="UTF-8"?>
<testng-results ignored="0" total="5" passed="5" failed="0" skipped="0">
  <reporter-output>
  </reporter-output>
  <suite started-at="2023-03-15T10:55:27Z" name="Suite" finished-at="2023-03-15T10:56:00Z" duration-ms="33537">
    <groups>
    </groups>
    <test started-at="2023-03-15T10:55:27Z" name="Test" finished-at="2023-03-15T10:56:00Z" duration-ms="33537">
      <class name="com.keybord.CopyPest">
        <test-method signature="Copy()[pri:0, instance:com.keybord.CopyPest@1c5920df]" started-at="2023-03-15T10:55:42Z" name="Copy" finished-at="2023-03-15T10:55:53Z" duration-ms="10927" status="PASS">
          <reporter-output>
          </reporter-output>
        </test-method> <!-- Copy -->
      </class> <!-- com.keybord.CopyPest -->
      <class name="com.test.ScrollBar">
        <test-method signature="Bbc()[pri:0, instance:com.test.ScrollBar@350aac89]" started-at="2023-03-15T10:55:34Z" name="Bbc" finished-at="2023-03-15T10:55:42Z" duration-ms="7791" status="PASS">
          <reporter-output>
          </reporter-output>
        </test-method> <!-- Bbc -->
      </class> <!-- com.test.ScrollBar -->
      <class name="com.test.Drag">
        <test-method signature="DragDrop()[pri:0, instance:com.test.Drag@75437611]" started-at="2023-03-15T10:55:27Z" name="DragDrop" finished-at="2023-03-15T10:55:34Z" duration-ms="7596" status="PASS">
          <reporter-output>
          </reporter-output>
        </test-method> <!-- DragDrop -->
      </class> <!-- com.test.Drag -->
      <class name="com.keybord.KeyPress">
        <test-method signature="Key()[pri:0, instance:com.keybord.KeyPress@79e4c792]" started-at="2023-03-15T10:55:58Z" name="Key" finished-at="2023-03-15T10:56:00Z" duration-ms="2022" status="PASS">
          <reporter-output>
          </reporter-output>
        </test-method> <!-- Key -->
      </class> <!-- com.keybord.KeyPress -->
      <class name="com.test.TestWebDriverManager">
        <test-method signature="Webdriver()[pri:0, instance:com.test.TestWebDriverManager@17f9d882]" started-at="2023-03-15T10:55:53Z" name="Webdriver" finished-at="2023-03-15T10:55:58Z" duration-ms="5130" status="PASS">
          <reporter-output>
          </reporter-output>
        </test-method> <!-- Webdriver -->
      </class> <!-- com.test.TestWebDriverManager -->
    </test> <!-- Test -->
  </suite> <!-- Suite -->
</testng-results>
